# JRE version: OpenJDK Runtime Environment (8.0_152-b01) (build 1.8.0_152-release-1248-b01)
# Java VM: OpenJDK 64-Bit Server VM (25.152-b01 mixed mode windows-amd64 compressed oops)
Heap:
 PSYoungGen      total 214016K, used 146772K [0x00000000e0000000, 0x00000000f3180000, 0x0000000100000000)
  eden space 193536K, 65% used [0x00000000e0000000,0x00000000e7b56970,0x00000000ebd00000)
  from space 20480K, 99% used [0x00000000ebd00000,0x00000000ed0fe748,0x00000000ed100000)
  to   space 25600K, 0% used [0x00000000f1880000,0x00000000f1880000,0x00000000f3180000)
 ParOldGen       total 195584K, used 41875K [0x00000000a0000000, 0x00000000abf00000, 0x00000000e0000000)
  object space 195584K, 21% used [0x00000000a0000000,0x00000000a28e4f68,0x00000000abf00000)
 Metaspace       used 74112K, capacity 77246K, committed 77488K, reserved 1116160K
  class space    used 9926K, capacity 10596K, committed 10672K, reserved 1048576K
GC Heap History (10 events):
Event: 17.660 GC heap before
{Heap before GC invocations=14 (full 3):
 PSYoungGen      total 135680K, used 118760K [0x00000000e0000000, 0x00000000eb780000, 0x0000000100000000)
  eden space 118784K, 99% used [0x00000000e0000000,0x00000000e73fa2f0,0x00000000e7400000)
  from space 16896K, 0% used [0x00000000e8800000,0x00000000e8800000,0x00000000e9880000)
  to   space 20480K, 0% used [0x00000000e7400000,0x00000000e7400000,0x00000000e8800000)
 ParOldGen       total 195584K, used 34438K [0x00000000a0000000, 0x00000000abf00000, 0x00000000e0000000)
  object space 195584K, 17% used [0x00000000a0000000,0x00000000a21a19b0,0x00000000abf00000)
 Metaspace       used 61598K, capacity 63382K, committed 63664K, reserved 1103872K
  class space    used 8359K, capacity 8844K, committed 8880K, reserved 1048576K
Event: 17.669 GC heap after
Heap after GC invocations=14 (full 3):
 PSYoungGen      total 139264K, used 8637K [0x00000000e0000000, 0x00000000eaf80000, 0x0000000100000000)
  eden space 118784K, 0% used [0x00000000e0000000,0x00000000e0000000,0x00000000e7400000)
  from space 20480K, 42% used [0x00000000e7400000,0x00000000e7c6f6f8,0x00000000e8800000)
  to   space 19968K, 0% used [0x00000000e9c00000,0x00000000e9c00000,0x00000000eaf80000)
 ParOldGen       total 195584K, used 34446K [0x00000000a0000000, 0x00000000abf00000, 0x00000000e0000000)
  object space 195584K, 17% used [0x00000000a0000000,0x00000000a21a39b0,0x00000000abf00000)
 Metaspace       used 61598K, capacity 63382K, committed 63664K, reserved 1103872K
  class space    used 8359K, capacity 8844K, committed 8880K, reserved 1048576K
}
Event: 17.906 GC heap before
{Heap before GC invocations=15 (full 3):
 PSYoungGen      total 139264K, used 126514K [0x00000000e0000000, 0x00000000eaf80000, 0x0000000100000000)
  eden space 118784K, 99% used [0x00000000e0000000,0x00000000e731d370,0x00000000e7400000)
  from space 20480K, 42% used [0x00000000e7400000,0x00000000e7c6f6f8,0x00000000e8800000)
  to   space 19968K, 0% used [0x00000000e9c00000,0x00000000e9c00000,0x00000000eaf80000)
 ParOldGen       total 195584K, used 34446K [0x00000000a0000000, 0x00000000abf00000, 0x00000000e0000000)
  object space 195584K, 17% used [0x00000000a0000000,0x00000000a21a39b0,0x00000000abf00000)
 Metaspace       used 62612K, capacity 64532K, committed 64816K, reserved 1105920K
  class space    used 8504K, capacity 8995K, committed 9008K, reserved 1048576K
Event: 17.913 GC heap after
Heap after GC invocations=15 (full 3):
 PSYoungGen      total 160256K, used 7476K [0x00000000e0000000, 0x00000000eb200000, 0x0000000100000000)
  eden space 140288K, 0% used [0x00000000e0000000,0x00000000e0000000,0x00000000e8900000)
  from space 19968K, 37% used [0x00000000e9c00000,0x00000000ea34d2a0,0x00000000eaf80000)
  to   space 19456K, 0% used [0x00000000e8900000,0x00000000e8900000,0x00000000e9c00000)
 ParOldGen       total 195584K, used 34454K [0x00000000a0000000, 0x00000000abf00000, 0x00000000e0000000)
  object space 195584K, 17% used [0x00000000a0000000,0x00000000a21a59b0,0x00000000abf00000)
 Metaspace       used 62612K, capacity 64532K, committed 64816K, reserved 1105920K
  class space    used 8504K, capacity 8995K, committed 9008K, reserved 1048576K
}
Event: 17.931 GC heap before
{Heap before GC invocations=16 (full 3):
 PSYoungGen      total 160256K, used 147662K [0x00000000e0000000, 0x00000000eb200000, 0x0000000100000000)
  eden space 140288K, 99% used [0x00000000e0000000,0x00000000e88e6608,0x00000000e8900000)
  from space 19968K, 37% used [0x00000000e9c00000,0x00000000ea34d2a0,0x00000000eaf80000)
  to   space 19456K, 0% used [0x00000000e8900000,0x00000000e8900000,0x00000000e9c00000)
 ParOldGen       total 195584K, used 34454K [0x00000000a0000000, 0x00000000abf00000, 0x00000000e0000000)
  object space 195584K, 17% used [0x00000000a0000000,0x00000000a21a59b0,0x00000000abf00000)
 Metaspace       used 62628K, capacity 64532K, committed 64816K, reserved 1105920K
  class space    used 8504K, capacity 8995K, committed 9008K, reserved 1048576K
Event: 17.936 GC heap after
Heap after GC invocations=16 (full 3):
 PSYoungGen      total 159744K, used 6652K [0x00000000e0000000, 0x00000000ee700000, 0x0000000100000000)
  eden space 140288K, 0% used [0x00000000e0000000,0x00000000e0000000,0x00000000e8900000)
  from space 19456K, 34% used [0x00000000e8900000,0x00000000e8f7f080,0x00000000e9c00000)
  to   space 18944K, 0% used [0x00000000ed480000,0x00000000ed480000,0x00000000ee700000)
 ParOldGen       total 195584K, used 34462K [0x00000000a0000000, 0x00000000abf00000, 0x00000000e0000000)
  object space 195584K, 17% used [0x00000000a0000000,0x00000000a21a79b0,0x00000000abf00000)
 Metaspace       used 62628K, capacity 64532K, committed 64816K, reserved 1105920K
  class space    used 8504K, capacity 8995K, committed 9008K, reserved 1048576K
}
Event: 24.001 GC heap before
{Heap before GC invocations=17 (full 3):
 PSYoungGen      total 159744K, used 146940K [0x00000000e0000000, 0x00000000ee700000, 0x0000000100000000)
  eden space 140288K, 100% used [0x00000000e0000000,0x00000000e8900000,0x00000000e8900000)
  from space 19456K, 34% used [0x00000000e8900000,0x00000000e8f7f080,0x00000000e9c00000)
  to   space 18944K, 0% used [0x00000000ed480000,0x00000000ed480000,0x00000000ee700000)
 ParOldGen       total 195584K, used 34462K [0x00000000a0000000, 0x00000000abf00000, 0x00000000e0000000)
  object space 195584K, 17% used [0x00000000a0000000,0x00000000a21a79b0,0x00000000abf00000)
 Metaspace       used 64953K, capacity 67098K, committed 67248K, reserved 1107968K
  class space    used 8733K, capacity 9282K, committed 9392K, reserved 1048576K
Event: 24.034 GC heap after
Heap after GC invocations=17 (full 3):
 PSYoungGen      total 210432K, used 15664K [0x00000000e0000000, 0x00000000ee500000, 0x0000000100000000)
  eden space 193536K, 0% used [0x00000000e0000000,0x00000000e0000000,0x00000000ebd00000)
  from space 16896K, 92% used [0x00000000ed480000,0x00000000ee3cc388,0x00000000ee500000)
  to   space 20480K, 0% used [0x00000000ebd00000,0x00000000ebd00000,0x00000000ed100000)
 ParOldGen       total 195584K, used 34470K [0x00000000a0000000, 0x00000000abf00000, 0x00000000e0000000)
  object space 195584K, 17% used [0x00000000a0000000,0x00000000a21a99b0,0x00000000abf00000)
 Metaspace       used 64953K, capacity 67098K, committed 67248K, reserved 1107968K
  class space    used 8733K, capacity 9282K, committed 9392K, reserved 1048576K
}
Event: 26.802 GC heap before
{Heap before GC invocations=18 (full 3):
 PSYoungGen      total 210432K, used 209200K [0x00000000e0000000, 0x00000000ee500000, 0x0000000100000000)
  eden space 193536K, 100% used [0x00000000e0000000,0x00000000ebd00000,0x00000000ebd00000)
  from space 16896K, 92% used [0x00000000ed480000,0x00000000ee3cc388,0x00000000ee500000)
  to   space 20480K, 0% used [0x00000000ebd00000,0x00000000ebd00000,0x00000000ed100000)
 ParOldGen       total 195584K, used 34470K [0x00000000a0000000, 0x00000000abf00000, 0x00000000e0000000)
  object space 195584K, 17% used [0x00000000a0000000,0x00000000a21a99b0,0x00000000abf00000)
 Metaspace       used 73205K, capacity 76148K, committed 76336K, reserved 1116160K
  class space    used 9796K, capacity 10461K, committed 10544K, reserved 1048576K
Event: 26.846 GC heap after
Heap after GC invocations=18 (full 3):
 PSYoungGen      total 214016K, used 20473K [0x00000000e0000000, 0x00000000f3180000, 0x0000000100000000)
  eden space 193536K, 0% used [0x00000000e0000000,0x00000000e0000000,0x00000000ebd00000)
  from space 20480K, 99% used [0x00000000ebd00000,0x00000000ed0fe748,0x00000000ed100000)
  to   space 25600K, 0% used [0x00000000f1880000,0x00000000f1880000,0x00000000f3180000)
 ParOldGen       total 195584K, used 41875K [0x00000000a0000000, 0x00000000abf00000, 0x00000000e0000000)
  object space 195584K, 21% used [0x00000000a0000000,0x00000000a28e4f68,0x00000000abf00000)
 Metaspace       used 73205K, capacity 76148K, committed 76336K, reserved 1116160K
  class space    used 9796K, capacity 10461K, committed 10544K, reserved 1048576K
}

